Determining if the pthread_create exist failed with the following output:
Change Dir: /home/viki/workspace/Eclipse-boilerplate-test/import/CMakeFiles/CMakeTmp

Run Build Command:"/usr/bin/make" "cmTryCompileExec808178857/fast"
/usr/bin/make -f CMakeFiles/cmTryCompileExec808178857.dir/build.make CMakeFiles/cmTryCompileExec808178857.dir/build
make[1]: Entering directory `/home/viki/workspace/Eclipse-boilerplate-test/import/CMakeFiles/CMakeTmp'
/usr/bin/cmake -E cmake_progress_report /home/viki/workspace/Eclipse-boilerplate-test/import/CMakeFiles/CMakeTmp/CMakeFiles 1
Building C object CMakeFiles/cmTryCompileExec808178857.dir/CheckSymbolExists.c.o
/usr/bin/cc    -o CMakeFiles/cmTryCompileExec808178857.dir/CheckSymbolExists.c.o   -c /home/viki/workspace/Eclipse-boilerplate-test/import/CMakeFiles/CMakeTmp/CheckSymbolExists.c
Linking C executable cmTryCompileExec808178857
/usr/bin/cmake -E cmake_link_script CMakeFiles/cmTryCompileExec808178857.dir/link.txt --verbose=1
/usr/bin/cc       CMakeFiles/cmTryCompileExec808178857.dir/CheckSymbolExists.c.o  -o cmTryCompileExec808178857 -rdynamic 
CMakeFiles/cmTryCompileExec808178857.dir/CheckSymbolExists.c.o: In function `main':
CheckSymbolExists.c:(.text+0x16): undefined reference to `pthread_create'
collect2: error: ld returned 1 exit status
make[1]: Leaving directory `/home/viki/workspace/Eclipse-boilerplate-test/import/CMakeFiles/CMakeTmp'
make[1]: *** [cmTryCompileExec808178857] Error 1
make: *** [cmTryCompileExec808178857/fast] Error 2

File /home/viki/workspace/Eclipse-boilerplate-test/import/CMakeFiles/CMakeTmp/CheckSymbolExists.c:
/* */
#include <pthread.h>

int main(int argc, char** argv)
{
  (void)argv;
#ifndef pthread_create
  return ((int*)(&pthread_create))[argc];
#else
  (void)argc;
  return 0;
#endif
}

Determining if the function pthread_create exists in the pthreads failed with the following output:
Change Dir: /home/viki/workspace/Eclipse-boilerplate-test/import/CMakeFiles/CMakeTmp

Run Build Command:"/usr/bin/make" "cmTryCompileExec4210599999/fast"
/usr/bin/make -f CMakeFiles/cmTryCompileExec4210599999.dir/build.make CMakeFiles/cmTryCompileExec4210599999.dir/build
make[1]: Entering directory `/home/viki/workspace/Eclipse-boilerplate-test/import/CMakeFiles/CMakeTmp'
/usr/bin/cmake -E cmake_progress_report /home/viki/workspace/Eclipse-boilerplate-test/import/CMakeFiles/CMakeTmp/CMakeFiles 1
Building C object CMakeFiles/cmTryCompileExec4210599999.dir/CheckFunctionExists.c.o
/usr/bin/cc   -DCHECK_FUNCTION_EXISTS=pthread_create   -o CMakeFiles/cmTryCompileExec4210599999.dir/CheckFunctionExists.c.o   -c /usr/share/cmake-3.2/Modules/CheckFunctionExists.c
Linking C executable cmTryCompileExec4210599999
/usr/bin/cmake -E cmake_link_script CMakeFiles/cmTryCompileExec4210599999.dir/link.txt --verbose=1
/usr/bin/cc   -DCHECK_FUNCTION_EXISTS=pthread_create    CMakeFiles/cmTryCompileExec4210599999.dir/CheckFunctionExists.c.o  -o cmTryCompileExec4210599999 -rdynamic -lpthreads 
/usr/bin/ld: cannot find -lpthreads
collect2: error: ld returned 1 exit status
make[1]: Leaving directory `/home/viki/workspace/Eclipse-boilerplate-test/import/CMakeFiles/CMakeTmp'
make[1]: *** [cmTryCompileExec4210599999] Error 1
make: *** [cmTryCompileExec4210599999/fast] Error 2


